Epoch:  1 frags 15/ -1/ 14  reward 0.52
Epoch:  2 frags 17/ -7/ 10  reward 0.53
Epoch:  3 frags 17/ -4/ 13  reward 0.54
Epoch:  4 frags  9/ -3/  6  reward 0.50
Epoch:  5 frags 19/ -4/ 15  reward 0.47
Epoch:  6 frags 18/ -1/ 17  reward 0.53
Epoch:  7 frags 10/-11/ -1  reward 0.59
Epoch:  8 frags 20/ -3/ 17  reward 0.62
Epoch:  9 frags 20/ -2/ 18  reward 0.63
Epoch: 10 frags 35/ -4/ 31  reward 0.62
Epoch: 11 frags 25/ -6/ 19  reward 0.61
Epoch: 12 frags 17/ -5/ 12  reward 0.63
Epoch: 13 frags 19/ -3/ 16  reward 0.66
Epoch: 14 frags 13/ -3/ 10  reward 0.71
Epoch: 15 frags 20/ -4/ 16  reward 0.72
Epoch: 16 frags 20/ -2/ 18  reward 0.74
Epoch: 17 frags 27/ -6/ 21  reward 0.76
Epoch: 18 frags 12/  0/ 12  reward 0.74
Epoch: 19 frags 16/ -2/ 14  reward 0.67
Epoch: 20 frags 21/ -4/ 17  reward 0.77
Epoch: 21 frags 23/ -1/ 22  reward 0.78
Epoch: 22 frags 16/ -5/ 11  reward 0.74
Epoch: 23 frags 17/ -5/ 12  reward 0.82
Epoch: 24 frags 14/ -4/ 10  reward 0.80
Epoch: 25 frags 18/ -2/ 16  reward 0.77
Epoch: 26 frags 18/ -1/ 17  reward 0.85
Epoch: 27 frags 17/ -4/ 13  reward 0.85
Epoch: 28 frags 28/ -5/ 23  reward 0.86
Epoch: 29 frags 15/ -2/ 13  reward 0.85
Epoch: 30 frags 16/ -2/ 14  reward 0.85
Epoch: 31 frags 14/ -3/ 11  reward 0.82
Epoch: 32 frags 14/ -5/  9  reward 0.84
Epoch: 33 frags 11/ -3/  8  reward 0.85
Epoch: 34 frags 21/  0/ 21  reward 0.88
Epoch: 35 frags 13/ -3/ 10  reward 0.86
Epoch: 36 frags 15/ -3/ 12  reward 0.83
Epoch: 37 frags 21/ -2/ 19  reward 0.83
Epoch: 38 frags 19/ -2/ 17  reward 0.86
Epoch: 39 frags 21/ -1/ 20  reward 0.91
Epoch: 40 frags 16/ -4/ 12  reward 0.89
Epoch: 41 frags 29/ -5/ 24  reward 0.93
Epoch: 42 frags 18/ -2/ 16  reward 0.86
Epoch: 43 frags 11/ -1/ 10  reward 0.91
Epoch: 44 frags 12/ -2/ 10  reward 0.83
Epoch: 45 frags 22/ -1/ 21  reward 0.91
Epoch: 46 frags 17/  0/ 17  reward 0.95
Epoch: 47 frags 15/ -2/ 13  reward 0.93
Epoch: 48 frags 20/ -1/ 19  reward 0.91
Epoch: 49 frags 20/ -3/ 17  reward 0.91
Epoch: 50 frags 17/ -3/ 14  reward 0.98
Epoch: 51 frags 19/ -1/ 18  reward 0.95
Epoch: 52 frags 26/ -2/ 24  reward 0.91
Epoch: 53 frags 17/ -2/ 15  reward 0.86
Epoch: 54 frags 18/ -3/ 15  reward 0.92
Epoch: 55 frags 22/ -5/ 17  reward 0.94
Epoch: 56 frags 19/ -3/ 16  reward 1.01
Epoch: 57 frags 15/ -2/ 13  reward 1.00
Epoch: 58 frags 21/ -3/ 18  reward 0.94
Epoch: 59 frags 21/ -2/ 19  reward 0.97
Epoch: 60 frags 18/ -1/ 17  reward 0.97
Epoch: 61 frags 21/  0/ 21  reward 0.96
Epoch: 62 frags 17/ -1/ 16  reward 0.99
Epoch: 63 frags 24/ -4/ 20  reward 0.96
Epoch: 64 frags 16/ -1/ 15  reward 0.97
Epoch: 65 frags 19/ -2/ 17  reward 1.00
Epoch: 66 frags 23/ -4/ 19  reward 1.03
Epoch: 67 frags 24/ -3/ 21  reward 1.02
Epoch: 68 frags 15/ -5/ 10  reward 1.07
Epoch: 69 frags 21/ -3/ 18  reward 0.99
Epoch: 70 frags 24/ -2/ 22  reward 1.02
Epoch: 71 frags 29/ -1/ 28  reward 1.07
Epoch: 72 frags 19/ -1/ 18  reward 1.07
Epoch: 73 frags 22/ -3/ 19  reward 1.04
Epoch: 74 frags 21/ -3/ 18  reward 1.05
Epoch: 75 frags 18/ -3/ 15  reward 1.00
Epoch: 76 frags 15/ -3/ 12  reward 1.02
Epoch: 77 frags 27/ -4/ 23  reward 1.08
Epoch: 78 frags 31/ -4/ 27  reward 1.10
Epoch: 79 frags 16/ -1/ 15  reward 1.08
Epoch: 80 frags 22/ -1/ 21  reward 1.03
Epoch: 81 frags 24/ -3/ 21  reward 1.10
Epoch: 82 frags 15/ -3/ 12  reward 1.08
Epoch: 83 frags 21/ -3/ 18  reward 1.04
Epoch: 84 frags 15/ -4/ 11  reward 1.06
Epoch: 85 frags 25/ -1/ 24  reward 1.06
Epoch: 86 frags 13/ -1/ 12  reward 1.00
Epoch: 87 frags 24/ -2/ 22  reward 1.06
Epoch: 88 frags 18/ -1/ 17  reward 1.03
Epoch: 89 frags 18/ -2/ 16  reward 1.11
Epoch: 90 frags 17/ -2/ 15  reward 1.10
Epoch: 91 frags 20/ -1/ 19  reward 1.07
Epoch: 92 frags 26/ -4/ 22  reward 1.14
Epoch: 93 frags 20/  0/ 20  reward 1.09
Epoch: 94 frags 22/ -2/ 20  reward 1.12
Epoch: 95 frags 25/ -3/ 22  reward 1.09
Epoch: 96 frags 21/ -3/ 18  reward 1.10
Epoch: 97 frags 19/ -1/ 18  reward 1.09
Epoch: 98 frags 20/  0/ 20  reward 1.16
Epoch: 99 frags 19/ -1/ 18  reward 1.17
Epoch: 100 frags 16/  0/ 16  reward 1.09
Epoch: 101 frags 12/  0/ 12  reward 1.12
Epoch: 102 frags 24/ -3/ 21  reward 1.10
Epoch: 103 frags 11/ -2/  9  reward 1.09
Epoch: 104 frags 22/ -2/ 20  reward 1.13
Epoch: 105 frags 22/ -4/ 18  reward 1.14
Epoch: 106 frags 20/ -1/ 19  reward 1.10
Epoch: 107 frags 31/ -4/ 27  reward 1.17
Epoch: 108 frags 26/  0/ 26  reward 1.15
Epoch: 109 frags 18/ -2/ 16  reward 1.13
Epoch: 110 frags 20/ -1/ 19  reward 1.14
Epoch: 111 frags 29/ -1/ 28  reward 1.16
Epoch: 112 frags 22/  0/ 22  reward 1.14
Epoch: 113 frags 32/ -3/ 29  reward 1.14
Epoch: 114 frags 22/ -2/ 20  reward 1.12
Epoch: 115 frags 26/ -4/ 22  reward 1.11
Epoch: 116 frags 24/  0/ 24  reward 1.18
Epoch: 117 frags 22/ -1/ 21  reward 1.20
Epoch: 118 frags 16/ -3/ 13  reward 1.16
Epoch: 119 frags 30/ -4/ 26  reward 1.09
Epoch: 120 frags 28/ -3/ 25  reward 1.11
Epoch: 121 frags 22/ -2/ 20  reward 1.14
Epoch: 122 frags 23/ -2/ 21  reward 1.16
Epoch: 123 frags 27/ -3/ 24  reward 1.14
Epoch: 124 frags 19/ -1/ 18  reward 1.21
Epoch: 125 frags 25/  0/ 25  reward 1.19
Epoch: 126 frags 28/ -1/ 27  reward 1.19
Epoch: 127 frags 19/  0/ 19  reward 1.15
Epoch: 128 frags 28/  0/ 28  reward 1.14
Epoch: 129 frags 24/  0/ 24  reward 1.14
Epoch: 130 frags 20/ -4/ 16  reward 1.16
Epoch: 131 frags 20/  0/ 20  reward 1.18
Epoch: 132 frags 24/  0/ 24  reward 1.17
Epoch: 133 frags 22/ -1/ 21  reward 1.17
Epoch: 134 frags 16/ -1/ 15  reward 1.17
Epoch: 135 frags 21/ -1/ 20  reward 1.17
Epoch: 136 frags 18/ -1/ 17  reward 1.20
Epoch: 137 frags 27/  0/ 27  reward 1.12
Epoch: 138 frags 21/ -5/ 16  reward 1.18
Epoch: 139 frags 19/ -1/ 18  reward 1.18
Epoch: 140 frags 22/ -5/ 17  reward 1.20
Epoch: 141 frags 29/  0/ 29  reward 1.20
Epoch: 142 frags 25/ -2/ 23  reward 1.17
Epoch: 143 frags 19/ -3/ 16  reward 1.19
Epoch: 144 frags 30/  0/ 30  reward 1.21
Epoch: 145 frags 22/ -1/ 21  reward 1.19
Epoch: 146 frags 21/ -3/ 18  reward 1.25
Epoch: 147 frags 27/ -3/ 24  reward 1.26
Epoch: 148 frags 22/ -2/ 20  reward 1.20
Epoch: 149 frags 19/  0/ 19  reward 1.20
Epoch: 150 frags 31/ -5/ 26  reward 1.21
Epoch: 151 frags 35/  0/ 35  reward 1.16
Epoch: 152 frags 25/ -3/ 22  reward 1.17
Epoch: 153 frags 21/  0/ 21  reward 1.20
Epoch: 154 frags 19/ -2/ 17  reward 1.21
Epoch: 155 frags 21/ -1/ 20  reward 1.24
Epoch: 156 frags 26/ -4/ 22  reward 1.17
Epoch: 157 frags 20/  0/ 20  reward 1.20
Epoch: 158 frags 19/  0/ 19  reward 1.16
Epoch: 159 frags 20/  0/ 20  reward 1.18
Epoch: 160 frags 21/  0/ 21  reward 1.21
Epoch: 161 frags 22/  0/ 22  reward 1.23
Epoch: 162 frags 21/ -3/ 18  reward 1.19
Epoch: 163 frags 16/  0/ 16  reward 1.17
Epoch: 164 frags 29/ -1/ 28  reward 1.23
