Epoch:  1 frags  5/ -2/  3  reward 0.39
Epoch:  2 frags  4/ -1/  3  reward 0.36
Epoch:  3 frags  6/ -1/  5  reward 0.44
Epoch:  4 frags 14/ -2/ 12  reward 0.45
Epoch:  5 frags  9/ -1/  8  reward 0.49
Epoch:  6 frags  6/ -1/  5  reward 0.47
Epoch:  7 frags  4/  0/  4  reward 0.45
Epoch:  8 frags  2/ -1/  1  reward 0.52
Epoch:  9 frags  5/ -2/  3  reward 0.54
Epoch: 10 frags  3/ -4/ -1  reward 0.55
Epoch: 11 frags  4/  0/  4  reward 0.60
Epoch: 12 frags  7/ -3/  4  reward 0.55
Epoch: 13 frags  8/ -3/  5  reward 0.61
Epoch: 14 frags  3/ -1/  2  reward 0.63
Epoch: 15 frags  3/ -1/  2  reward 0.67
Epoch: 16 frags  8/ -1/  7  reward 0.61
Epoch: 17 frags  3/  0/  3  reward 0.66
Epoch: 18 frags  4/ -1/  3  reward 0.61
Epoch: 19 frags  7/ -1/  6  reward 0.63
Epoch: 20 frags 13/ -1/ 12  reward 0.62
Epoch: 21 frags  2/ -1/  1  reward 0.62
Epoch: 22 frags 13/ -2/ 11  reward 0.69
Epoch: 23 frags 12/ -2/ 10  reward 0.61
Epoch: 24 frags  6/ -2/  4  reward 0.66
Epoch: 25 frags  6/  0/  6  reward 0.66
Epoch: 26 frags  2/ -1/  1  reward 0.70
Epoch: 27 frags  8/  0/  8  reward 0.65
Epoch: 28 frags  5/ -1/  4  reward 0.69
Epoch: 29 frags  6/  0/  6  reward 0.72
Epoch: 30 frags 12/ -2/ 10  reward 0.66
Epoch: 31 frags  7/  0/  7  reward 0.71
Epoch: 32 frags  4/ -3/  1  reward 0.72
Epoch: 33 frags  5/ -2/  3  reward 0.76
Epoch: 34 frags  5/ -1/  4  reward 0.69
Epoch: 35 frags  7/ -1/  6  reward 0.77
Epoch: 36 frags 10/ -2/  8  reward 0.70
Epoch: 37 frags  2/  0/  2  reward 0.78
Epoch: 38 frags  2/ -1/  1  reward 0.76
Epoch: 39 frags  7/ -1/  6  reward 0.78
Epoch: 40 frags  3/  0/  3  reward 0.74
Epoch: 41 frags  7/ -3/  4  reward 0.80
Epoch: 42 frags  4/ -4/  0  reward 0.75
Epoch: 43 frags  2/  0/  2  reward 0.73
Epoch: 44 frags  6/  0/  6  reward 0.73
Epoch: 45 frags  9/  0/  9  reward 0.75
Epoch: 46 frags 12/  0/ 12  reward 0.77
Epoch: 47 frags  8/ -1/  7  reward 0.78
Epoch: 48 frags  3/ -1/  2  reward 0.84
Epoch: 49 frags 10/ -1/  9  reward 0.82
Epoch: 50 frags  5/ -2/  3  reward 0.77
Epoch: 51 frags  6/ -2/  4  reward 0.79
Epoch: 52 frags 10/ -1/  9  reward 0.73
Epoch: 53 frags  4/ -2/  2  reward 0.76
Epoch: 54 frags  8/ -2/  6  reward 0.81
Epoch: 55 frags  9/ -1/  8  reward 0.78
Epoch: 56 frags  7/ -2/  5  reward 0.83
Epoch: 57 frags 11/ -1/ 10  reward 0.82
Epoch: 58 frags  6/ -1/  5  reward 0.76
Epoch: 59 frags  9/  0/  9  reward 0.76
Epoch: 60 frags 10/ -1/  9  reward 0.77
Epoch: 61 frags  5/ -2/  3  reward 0.83
Epoch: 62 frags  2/  0/  2  reward 0.78
Epoch: 63 frags  5/ -1/  4  reward 0.81
Epoch: 64 frags  1/ -1/  0  reward 0.83
Epoch: 65 frags  1/  0/  1  reward 0.80
Epoch: 66 frags  2/  0/  2  reward 0.81
Epoch: 67 frags  7/ -3/  4  reward 0.86
Epoch: 68 frags  8/ -1/  7  reward 0.80
Epoch: 69 frags  9/ -1/  8  reward 0.81
Epoch: 70 frags  8/  0/  8  reward 0.76
Epoch: 71 frags  4/ -1/  3  reward 0.87
Epoch: 72 frags  1/ -1/  0  reward 0.81
Epoch: 73 frags  3/ -3/  0  reward 0.79
Epoch: 74 frags  1/  0/  1  reward 0.82
Epoch: 75 frags  6/  0/  6  reward 0.83
Epoch: 76 frags  5/ -1/  4  reward 0.85
Epoch: 77 frags  0/ -1/ -1  reward 0.78
Epoch: 78 frags  9/  0/  9  reward 0.79
Epoch: 79 frags  8/ -2/  6  reward 0.78
Epoch: 80 frags  4/ -1/  3  reward 0.84
Epoch: 81 frags  5/ -1/  4  reward 0.88
Epoch: 82 frags  6/  0/  6  reward 0.83
Epoch: 83 frags 10/ -2/  8  reward 0.83
Epoch: 84 frags  7/  0/  7  reward 0.85
Epoch: 85 frags  8/ -3/  5  reward 0.83
Epoch: 86 frags  8/  0/  8  reward 0.81
Epoch: 87 frags  2/  0/  2  reward 0.83
Epoch: 88 frags  5/  0/  5  reward 0.87
Epoch: 89 frags  5/  0/  5  reward 0.86
Epoch: 90 frags  2/ -1/  1  reward 0.78
Epoch: 91 frags  7/  0/  7  reward 0.86
Epoch: 92 frags  5/ -2/  3  reward 0.95
Epoch: 93 frags  5/ -1/  4  reward 0.82
Epoch: 94 frags  5/ -1/  4  reward 0.85
Epoch: 95 frags  2/  0/  2  reward 0.88
Epoch: 96 frags  2/  0/  2  reward 0.81
Epoch: 97 frags  2/  0/  2  reward 0.85
Epoch: 98 frags  9/ -1/  8  reward 0.92
Epoch: 99 frags  5/  0/  5  reward 0.84
Epoch: 100 frags  1/  0/  1  reward 0.94
Epoch: 101 frags  5/  0/  5  reward 0.87
Epoch: 102 frags  2/  0/  2  reward 0.84
Epoch: 103 frags  4/  0/  4  reward 0.84
Epoch: 104 frags  2/  0/  2  reward 0.88
Epoch: 105 frags  0/ -1/ -1  reward 0.83
Epoch: 106 frags  6/ -4/  2  reward 0.87
Epoch: 107 frags  4/  0/  4  reward 0.83
Epoch: 108 frags  3/ -3/  0  reward 0.86
Epoch: 109 frags  6/ -2/  4  reward 0.83
Epoch: 110 frags  5/ -1/  4  reward 0.87
Epoch: 111 frags  2/  0/  2  reward 0.87
Epoch: 112 frags  5/ -2/  3  reward 0.89
Epoch: 113 frags  9/ -3/  6  reward 0.92
Epoch: 114 frags  5/ -2/  3  reward 0.84
Epoch: 115 frags  8/ -2/  6  reward 0.84
Epoch: 116 frags  5/ -1/  4  reward 0.86
Epoch: 117 frags  4/ -3/  1  reward 0.89
Epoch: 118 frags  1/ -1/  0  reward 0.87
Epoch: 119 frags  5/ -3/  2  reward 0.90
Epoch: 120 frags  9/ -1/  8  reward 0.92
Epoch: 121 frags  3/ -3/  0  reward 0.88
Epoch: 122 frags  3/ -1/  2  reward 0.88
Epoch: 123 frags  6/ -1/  5  reward 0.86
Epoch: 124 frags  9/ -1/  8  reward 0.90
Epoch: 125 frags  4/ -1/  3  reward 0.86
Epoch: 126 frags  9/ -1/  8  reward 0.85
Epoch: 127 frags  3/  0/  3  reward 0.90
Epoch: 128 frags  1/ -1/  0  reward 0.88
Epoch: 129 frags  2/ -1/  1  reward 0.87
Epoch: 130 frags  1/ -2/ -1  reward 0.93
Epoch: 131 frags  4/ -1/  3  reward 0.91
Epoch: 132 frags  3/ -1/  2  reward 0.86
Epoch: 133 frags  7/ -2/  5  reward 0.81
Epoch: 134 frags  6/  0/  6  reward 0.91
Epoch: 135 frags  3/  0/  3  reward 0.84
Epoch: 136 frags  6/  0/  6  reward 0.93
Epoch: 137 frags  9/ -1/  8  reward 0.92
Epoch: 138 frags  5/ -2/  3  reward 0.90
Epoch: 139 frags  4/  0/  4  reward 0.80
Epoch: 140 frags  7/  0/  7  reward 0.91
Epoch: 141 frags  7/  0/  7  reward 0.93
Epoch: 142 frags  7/ -1/  6  reward 0.92
Epoch: 143 frags  1/  0/  1  reward 0.89
Epoch: 144 frags  7/ -2/  5  reward 0.86
Epoch: 145 frags  3/ -2/  1  reward 0.93
Epoch: 146 frags 10/ -6/  4  reward 0.93
Epoch: 147 frags 14/ -1/ 13  reward 0.92
Epoch: 148 frags  6/  0/  6  reward 0.92
Epoch: 149 frags  2/ -2/  0  reward 0.91
Epoch: 150 frags  4/  0/  4  reward 0.93
Epoch: 151 frags  4/ -2/  2  reward 0.97
Epoch: 152 frags 10/  0/ 10  reward 0.92
Epoch: 153 frags  5/ -1/  4  reward 0.89
Epoch: 154 frags 10/ -3/  7  reward 0.94
Epoch: 155 frags  7/ -2/  5  reward 0.90
Epoch: 156 frags  5/ -4/  1  reward 0.91
Epoch: 157 frags  8/  0/  8  reward 0.94
Epoch: 158 frags  3/ -3/  0  reward 0.93
Epoch: 159 frags  4/ -1/  3  reward 0.80
Epoch: 160 frags 15/ -1/ 14  reward 0.89
Epoch: 161 frags  5/  0/  5  reward 0.84
Epoch: 162 frags 13/  0/ 13  reward 0.92
Epoch: 163 frags  6/ -2/  4  reward 0.91
Epoch: 164 frags 16/ -2/ 14  reward 0.90
Epoch: 165 frags  4/ -1/  3  reward 0.92
Epoch: 166 frags  9/ -2/  7  reward 0.92
Epoch: 167 frags  6/  0/  6  reward 0.93
Epoch: 168 frags  6/ -1/  5  reward 0.94
Epoch: 169 frags  4/ -1/  3  reward 0.93
Epoch: 170 frags  1/ -2/ -1  reward 0.89
Epoch: 171 frags  3/ -3/  0  reward 0.99
Epoch: 172 frags  5/  0/  5  reward 0.94
Epoch: 173 frags  7/ -1/  6  reward 0.98
Epoch: 174 frags  1/ -1/  0  reward 0.90
Epoch: 175 frags  2/  0/  2  reward 0.90
Epoch: 176 frags  7/ -3/  4  reward 0.89
Epoch: 177 frags  5/ -1/  4  reward 0.95
Epoch: 178 frags  3/ -1/  2  reward 0.87
Epoch: 179 frags 10/ -3/  7  reward 0.92
Epoch: 180 frags  7/ -2/  5  reward 0.93
Epoch: 181 frags  8/ -1/  7  reward 0.89
Epoch: 182 frags  0/  0/  0  reward 0.94
Epoch: 183 frags  2/  0/  2  reward 0.91
Epoch: 184 frags  4/ -2/  2  reward 0.88
Epoch: 185 frags  7/ -1/  6  reward 0.95
Epoch: 186 frags 13/  0/ 13  reward 0.90
Epoch: 187 frags  9/ -1/  8  reward 0.88
Epoch: 188 frags  2/  0/  2  reward 0.93
Epoch: 189 frags  5/ -3/  2  reward 0.95
Epoch: 190 frags  4/ -1/  3  reward 0.89
Epoch: 191 frags  8/ -2/  6  reward 0.87
Epoch: 192 frags  4/  0/  4  reward 0.96
Epoch: 193 frags 12/ -1/ 11  reward 0.91
Epoch: 194 frags  6/ -2/  4  reward 0.92
Epoch: 195 frags  5/ -1/  4  reward 0.97
Epoch: 196 frags  8/  0/  8  reward 0.91
Epoch: 197 frags  3/ -1/  2  reward 0.94
Epoch: 198 frags 11/  0/ 11  reward 0.93
Epoch: 199 frags  4/ -1/  3  reward 1.00
Epoch: 200 frags  3/ -3/  0  reward 0.92
Epoch: 201 frags  3/ -1/  2  reward 0.96
Epoch: 202 frags 10/  0/ 10  reward 0.89
Epoch: 203 frags  5/  0/  5  reward 0.91
Epoch:  1 frags 10/ -1/  9  reward 0.86
Epoch:  2 frags  3/ -1/  2  reward 0.86
Epoch:  3 frags  7/ -2/  5  reward 0.89
Epoch:  4 frags 10/ -2/  8  reward 0.87
Epoch:  5 frags  8/ -2/  6  reward 0.92
Epoch:  6 frags  7/ -1/  6  reward 0.85
Epoch:  7 frags 12/  0/ 12  reward 0.88
Epoch:  8 frags  2/ -2/  0  reward 0.89
Epoch:  9 frags  1/ -2/ -1  reward 0.92
Epoch: 10 frags  3/ -1/  2  reward 0.88
Epoch: 11 frags  4/ -1/  3  reward 0.88
Epoch: 12 frags  4/ -1/  3  reward 0.96
Epoch: 13 frags  4/ -2/  2  reward 0.86
Epoch: 14 frags  6/  0/  6  reward 0.88
Epoch: 15 frags  3/  0/  3  reward 0.95
Epoch: 16 frags  9/ -2/  7  reward 0.89
Epoch: 17 frags  6/  0/  6  reward 0.92
Epoch: 18 frags  1/  0/  1  reward 0.91
Epoch: 19 frags 14/ -2/ 12  reward 0.88
Epoch: 20 frags 10/  0/ 10  reward 0.94
Epoch: 21 frags  9/  0/  9  reward 0.92
Epoch: 22 frags  4/  0/  4  reward 1.00
Epoch: 23 frags 11/ -4/  7  reward 0.92
Epoch: 24 frags  6/ -2/  4  reward 0.94
Epoch: 25 frags  3/  0/  3  reward 0.88
Epoch: 26 frags  3/ -1/  2  reward 0.92
Epoch: 27 frags  4/ -2/  2  reward 0.91
Epoch: 28 frags  7/ -2/  5  reward 0.92
Epoch: 29 frags  7/ -2/  5  reward 0.92
Epoch: 30 frags  9/ -3/  6  reward 0.97
Epoch: 31 frags 11/ -2/  9  reward 0.96
Epoch: 32 frags 15/ -3/ 12  reward 0.98
Epoch: 33 frags  8/  0/  8  reward 0.93
Epoch: 34 frags 11/  0/ 11  reward 0.91
Epoch: 35 frags  6/ -2/  4  reward 0.98
Epoch: 36 frags  4/ -1/  3  reward 0.97
Epoch: 37 frags 20/ -2/ 18  reward 0.92
Epoch: 38 frags 11/ -2/  9  reward 0.86
Epoch: 39 frags  7/ -2/  5  reward 0.95
Epoch: 40 frags  7/  0/  7  reward 0.98
Epoch: 41 frags  3/ -2/  1  reward 0.96
Epoch: 42 frags  5/ -3/  2  reward 0.90
Epoch: 43 frags  9/  0/  9  reward 0.99
Epoch: 44 frags 17/ -3/ 14  reward 1.00
Epoch: 45 frags  6/ -1/  5  reward 0.98
Epoch: 46 frags  5/  0/  5  reward 1.04
Epoch: 47 frags  5/ -1/  4  reward 0.93
Epoch: 48 frags  9/  0/  9  reward 1.00
Epoch: 49 frags  4/ -1/  3  reward 0.94
Epoch: 50 frags  6/ -1/  5  reward 0.98
Epoch: 51 frags  6/  0/  6  reward 0.95
Epoch: 52 frags  5/  0/  5  reward 1.02
Epoch: 53 frags  6/ -2/  4  reward 0.95
Epoch: 54 frags  0/ -2/ -2  reward 1.06
Epoch: 55 frags  7/ -1/  6  reward 1.00
Epoch: 56 frags 11/ -1/ 10  reward 0.97
Epoch: 57 frags 10/  0/ 10  reward 0.96
Epoch: 58 frags 10/ -1/  9  reward 1.04
Epoch: 59 frags  5/  0/  5  reward 1.03
Epoch: 60 frags  3/ -4/ -1  reward 1.02
Epoch: 61 frags  8/ -3/  5  reward 1.03
Epoch: 62 frags  7/ -3/  4  reward 1.00
Epoch: 63 frags  8/  0/  8  reward 1.09
Epoch: 64 frags  3/ -2/  1  reward 0.98
Epoch: 65 frags  4/ -1/  3  reward 1.00
Epoch: 66 frags  5/ -2/  3  reward 0.98
Epoch: 67 frags 16/ -2/ 14  reward 1.04
Epoch: 68 frags  2/ -2/  0  reward 1.06
Epoch: 69 frags 10/ -1/  9  reward 1.03
Epoch: 70 frags  4/  0/  4  reward 1.01
Epoch: 71 frags  9/ -2/  7  reward 1.02
Epoch: 72 frags 10/  0/ 10  reward 1.03
Epoch: 73 frags  9/  0/  9  reward 1.00
Epoch: 74 frags  6/  0/  6  reward 0.96
Epoch: 75 frags 10/ -2/  8  reward 1.06
Epoch: 76 frags 11/ -1/ 10  reward 0.94
Epoch: 77 frags  8/ -3/  5  reward 1.07
Epoch: 78 frags 11/ -1/ 10  reward 1.05
Epoch: 79 frags  5/ -1/  4  reward 1.08
Epoch: 80 frags  9/  0/  9  reward 0.96
Epoch: 81 frags 10/ -1/  9  reward 1.01
Epoch: 82 frags  4/  0/  4  reward 1.08
Epoch: 83 frags  5/ -1/  4  reward 1.03
Epoch: 84 frags  5/ -2/  3  reward 1.01
Epoch: 85 frags  7/ -3/  4  reward 1.05
Epoch: 86 frags 11/ -1/ 10  reward 1.08
Epoch: 87 frags 14/  0/ 14  reward 0.99
Epoch: 88 frags  7/ -3/  4  reward 0.98
Epoch: 89 frags  8/  0/  8  reward 0.99
Epoch: 90 frags 11/ -1/ 10  reward 1.06
Epoch: 91 frags  1/ -2/ -1  reward 0.98
Epoch: 92 frags  5/ -3/  2  reward 1.00
Epoch: 93 frags 17/ -1/ 16  reward 1.06
Epoch: 94 frags 13/ -3/ 10  reward 1.09
Epoch: 95 frags 12/ -2/ 10  reward 1.04
Epoch: 96 frags 10/ -1/  9  reward 0.95
Epoch: 97 frags  8/  0/  8  reward 1.06
Epoch: 98 frags  7/ -3/  4  reward 1.01
Epoch: 99 frags  8/ -2/  6  reward 1.02
Epoch: 100 frags  9/  0/  9  reward 1.09
Epoch: 101 frags 12/ -3/  9  reward 1.05
Epoch: 102 frags  5/ -2/  3  reward 1.07
Epoch: 103 frags  9/ -1/  8  reward 1.03
Epoch:  1 frags  6/  0/  6  reward 1.01
Epoch:  2 frags  7/  0/  7  reward 0.98
Epoch:  3 frags 10/  0/ 10  reward 0.97
Epoch:  4 frags  7/ -4/  3  reward 1.05
Epoch:  5 frags 11/ -1/ 10  reward 1.01
Epoch:  6 frags 13/ -1/ 12  reward 1.04
Epoch:  7 frags 10/  0/ 10  reward 0.97
Epoch:  8 frags 11/  0/ 11  reward 1.06
Epoch:  9 frags  9/  0/  9  reward 0.94
Epoch: 10 frags 10/  0/ 10  reward 0.99
Epoch: 11 frags  8/  0/  8  reward 0.95
Epoch: 12 frags  5/ -1/  4  reward 1.00
Epoch: 13 frags  4/  0/  4  reward 0.97
Epoch: 14 frags 11/ -2/  9  reward 0.95
Epoch: 15 frags  6/ -3/  3  reward 1.10
Epoch: 16 frags  4/  0/  4  reward 0.96
Epoch: 17 frags  6/  0/  6  reward 1.01
Epoch: 18 frags  5/ -1/  4  reward 0.98
Epoch: 19 frags 13/ -3/ 10  reward 0.97
Epoch: 20 frags 10/ -2/  8  reward 1.01
Epoch: 21 frags 12/  0/ 12  reward 1.00
Epoch: 22 frags  5/ -3/  2  reward 1.03
Epoch: 23 frags 17/ -4/ 13  reward 1.03
Epoch: 24 frags  4/ -3/  1  reward 1.00
Epoch: 25 frags  9/ -1/  8  reward 1.03
Epoch: 26 frags  9/ -2/  7  reward 1.01
Epoch: 27 frags  5/ -1/  4  reward 1.02
Epoch: 28 frags 11/ -2/  9  reward 0.99
Epoch: 29 frags  6/ -1/  5  reward 0.96
Epoch: 30 frags  6/ -1/  5  reward 1.09
Epoch: 31 frags  7/  0/  7  reward 0.98
Epoch: 32 frags  7/ -2/  5  reward 1.02
Epoch: 33 frags  7/ -1/  6  reward 1.05
Epoch: 34 frags  8/ -2/  6  reward 1.04
Epoch: 35 frags  7/ -1/  6  reward 1.03
Epoch: 36 frags 10/ -2/  8  reward 0.98
Epoch: 37 frags  5/  0/  5  reward 1.04
Epoch: 38 frags 11/ -1/ 10  reward 1.03
Epoch: 39 frags 10/ -1/  9  reward 1.00
